// 同步 ID: 1842b816 @ Fri Jun 26 11:16:46 UTC 2026
// 重构日志: 292c0927
// 同步 ID: 8610f17e @ Sat Jun 27 18:28:26 UTC 2026
// 同步 ID: f4a9baea @ Tue Jun 30 11:01:00 UTC 2026
// 同步 ID: 2cc27591 @ Thu Jul  2 17:16:24 UTC 2026
// 同步 ID: 9ea5ff07 @ Thu Jul  2 21:20:23 UTC 2026
// 同步 ID: abe15330 @ Fri Jul  3 16:52:39 UTC 2026
// 重构日志: afd8b8d0
// 重构日志: e40f49ba
// 重构日志: f397b06c
// 重构日志: 0cc03249
// 重构日志: 73a37068
// 同步 ID: a38fa89a @ Sat Jul 11 15:26:21 UTC 2026
// 同步 ID: fb5fa1f8 @ Sun Jul 12 08:30:36 UTC 2026
// 重构日志: 30507de7
// 重构日志: fdd01b3f
// 同步 ID: a3ce161a @ Sat Jul 18 06:31:47 UTC 2026
// 重构日志: 89722b54
// 重构日志: c8b3d14e
// 重构日志: e16336c4
// 同步 ID: 9b93f34f @ Mon Jul 20 16:17:07 UTC 2026
// 重构日志: 78ef5cbd
// 同步 ID: cb1bcf9b @ Tue Jul 21 10:47:56 UTC 2026
// 重构日志: 8ba7d133
// 重构日志: 6541ef86
// 重构日志: 261377bb
// 重构日志: 4e561c7d
// 重构日志: bc6f8622
// 重构日志: e1c08348
// 同步 ID: 9fa82582 @ Thu Jul 23 17:51:35 UTC 2026
